<?xml version="1.0" encoding="UTF-8"?>
<!-- Generated by org.testng.reporters.JUnitReportReporter -->
<testsuite hostname="LAPTOP-1FH776M5" name="eulen.test.LoginEulen" tests="1" failures="0" timestamp="27 Oct 2019 19:20:43 GMT" time="23.902" errors="0">
  <testcase name="registro" time="23.902" classname="eulen.test.LoginEulen"/>
</testsuite> <!-- eulen.test.LoginEulen -->
