<?xml version="1.0" encoding="UTF-8"?>
<!-- Generated by org.testng.reporters.JUnitReportReporter -->
<testsuite hostname="LAPTOP-1FH776M5" name="test.Test_Login" tests="1" failures="0" timestamp="1 Nov 2019 17:39:46 GMT" time="89.735" errors="0">
  <testcase name="registro" time="89.735" classname="test.Test_Login"/>
</testsuite> <!-- test.Test_Login -->
