<?xml version="1.0" encoding="UTF-8"?>
<!-- Generated by org.testng.reporters.JUnitReportReporter -->
<testsuite hostname="LAPTOP-1FH776M5" name="test.Pruebas" tests="1" failures="0" timestamp="2 Nov 2019 18:22:23 GMT" time="32.002" errors="0">
  <testcase name="AlertsConfirmar" time="32.002" classname="test.Pruebas"/>
</testsuite> <!-- test.Pruebas -->
