<?xml version="1.0" encoding="UTF-8"?>
<!-- Generated by org.testng.reporters.JUnitReportReporter -->
<testsuite skipped="0" hostname="LAPTOP-UCE2Q720" name="pracitco5.test.TestByArticle" tests="1" failures="0" timestamp="2021-04-19T18:51:41 CEST" time="57.416" errors="0">
  <testcase name="compraVestido" time="57.416" classname="pracitco5.test.TestByArticle"/>
  <system-out/>
</testsuite> <!-- pracitco5.test.TestByArticle -->
