<?xml version="1.0" encoding="UTF-8"?>
<!-- Generated by org.testng.reporters.JUnitReportReporter -->
<testsuite skipped="2" hostname="LAPTOP-UCE2Q720" name="practico.Clase1" tests="3" failures="0" timestamp="2021-05-03T13:54:40 CEST" time="12.259" errors="0">
  <testcase name="getAttribute" time="12.259" classname="practico.Clase1"/>
  <system-out/>
  <testcase name="bbc" classname="practico.Clase1">
    <skipped/>
  </testcase> <!-- bbc -->
  <system-out/>
  <testcase name="primerTest" classname="practico.Clase1">
    <skipped/>
  </testcase> <!-- primerTest -->
  <system-out/>
</testsuite> <!-- practico.Clase1 -->
