<?xml version="1.0" encoding="UTF-8"?>
<!-- Generated by org.testng.reporters.JUnitReportReporter -->
<testsuite skipped="2" hostname="LAPTOP-UCE2Q720" name="practico5.test.TestEcommer" tests="3" failures="0" timestamp="2021-03-16T18:59:14 CET" time="35.373" errors="0">
  <testcase name="registrarTest" time="35.373" classname="practico5.test.TestEcommer"/>
  <system-out/>
  <testcase name="registroValidation" classname="practico5.test.TestEcommer">
    <skipped/>
  </testcase> <!-- registroValidation -->
  <system-out/>
  <testcase name="loginTest" classname="practico5.test.TestEcommer">
    <skipped/>
  </testcase> <!-- loginTest -->
  <system-out/>
</testsuite> <!-- practico5.test.TestEcommer -->
