<?xml version="1.0" encoding="UTF-8"?>
<!-- Generated by org.testng.reporters.JUnitReportReporter -->
<testsuite skipped="0" hostname="LAPTOP-UCE2Q720" name="practico2.AirbnbTest" tests="1" failures="0" timestamp="2021-03-09T18:44:01 CET" time="30.335" errors="0">
  <testcase name="primerTest" time="30.335" classname="practico2.AirbnbTest"/>
  <system-out/>
</testsuite> <!-- practico2.AirbnbTest -->
