<?xml version="1.0" encoding="UTF-8"?>
<!-- Generated by org.testng.reporters.JUnitReportReporter -->
<testsuite skipped="0" hostname="LAPTOP-UCE2Q720" name="practico8.EjemploEcommer" tests="1" failures="0" timestamp="2021-04-04T20:51:31 CEST" time="20.501" errors="0">
  <testcase name="registrationTest" time="20.501" classname="practico8.EjemploEcommer"/>
  <system-out/>
</testsuite> <!-- practico8.EjemploEcommer -->
