<?xml version="1.0" encoding="UTF-8"?>
<!-- Generated by org.testng.reporters.JUnitReportReporter -->
<testsuite skipped="2" hostname="LAPTOP-UCE2Q720" name="pracitco5.test.TestLoginEcomer" tests="3" failures="0" timestamp="2021-03-22T17:14:33 CET" time="43.226" errors="0">
  <testcase name="registrarTest" time="43.226" classname="pracitco5.test.TestLoginEcomer"/>
  <system-out/>
  <testcase name="registroValidation" classname="pracitco5.test.TestLoginEcomer">
    <skipped/>
  </testcase> <!-- registroValidation -->
  <system-out/>
  <testcase name="comprobarLogin" classname="pracitco5.test.TestLoginEcomer">
    <skipped/>
  </testcase> <!-- comprobarLogin -->
  <system-out/>
</testsuite> <!-- pracitco5.test.TestLoginEcomer -->
