<?xml version="1.0" encoding="UTF-8"?>
<!-- Generated by org.testng.reporters.JUnitReportReporter -->
<testsuite skipped="0" hostname="LAPTOP-UCE2Q720" name="practica10.ejemplo4_Listener.AppleTest" tests="2" failures="0" timestamp="2021-04-18T17:56:58 CEST" time="0.011" errors="0">
  <testcase name="testOne" time="0.005" classname="practica10.ejemplo4_Listener.AppleTest"/>
  <system-out/>
  <testcase name="testTwo" time="0.006" classname="practica10.ejemplo4_Listener.AppleTest"/>
  <system-out/>
</testsuite> <!-- practica10.ejemplo4_Listener.AppleTest -->
