<?xml version="1.0" encoding="UTF-8"?>
<!-- Generated by org.testng.reporters.JUnitReportReporter -->
<testsuite skipped="0" hostname="LAPTOP-UCE2Q720" name="carsGuide.Test.LoginTest" tests="1" failures="0" timestamp="2021-05-05T18:47:49 CEST" time="12.539" errors="0">
  <testcase name="IniciarSession" time="12.539" classname="carsGuide.Test.LoginTest"/>
  <system-out/>
</testsuite> <!-- carsGuide.Test.LoginTest -->
