<?xml version="1.0" encoding="UTF-8"?>
<!-- Generated by org.testng.reporters.JUnitReportReporter -->
<testsuite skipped="2" hostname="LAPTOP-UCE2Q720" name="practica9.WindowsHandler" tests="3" failures="0" timestamp="2021-04-14T19:00:46 CEST" time="32.424" errors="0">
  <testcase name="salesforceTest" time="32.424" classname="practica9.WindowsHandler"/>
  <system-out/>
  <testcase name="Test_getElementsWithIds" classname="practica9.WindowsHandler">
    <skipped/>
  </testcase> <!-- Test_getElementsWithIds -->
  <system-out/>
  <testcase name="multipleVentana" classname="practica9.WindowsHandler">
    <skipped/>
  </testcase> <!-- multipleVentana -->
  <system-out/>
</testsuite> <!-- practica9.WindowsHandler -->
