<?xml version="1.0" encoding="UTF-8"?>
<!-- Generated by org.testng.reporters.JUnitReportReporter -->
<testsuite skipped="2" hostname="LAPTOP-UCE2Q720" name="pracitco5.test.TestEcomer" tests="3" failures="0" timestamp="2021-03-20T19:25:55 CET" time="40.389" errors="0">
  <testcase name="registroValidation" time="40.389" classname="pracitco5.test.TestEcomer"/>
  <system-out/>
  <testcase name="comprobarLogin" classname="pracitco5.test.TestEcomer">
    <skipped/>
  </testcase> <!-- comprobarLogin -->
  <system-out/>
  <testcase name="registrarTest" classname="pracitco5.test.TestEcomer">
    <skipped/>
  </testcase> <!-- registrarTest -->
  <system-out/>
</testsuite> <!-- pracitco5.test.TestEcomer -->
