<?xml version="1.0" encoding="UTF-8"?>
<!-- Generated by org.testng.reporters.JUnitReportReporter -->
<testsuite skipped="0" hostname="LAPTOP-UCE2Q720" name="practica9.AlertTest" tests="2" failures="0" timestamp="2021-04-10T19:13:48 CEST" time="27.401" errors="0">
  <testcase name="simpleAlert" time="13.260" classname="practica9.AlertTest"/>
  <system-out/>
  <testcase name="confirmationAlert" time="14.141" classname="practica9.AlertTest"/>
  <system-out/>
</testsuite> <!-- practica9.AlertTest -->
