<?xml version="1.0" encoding="UTF-8"?>
<!-- Generated by org.testng.reporters.JUnitReportReporter -->
<testsuite skipped="0" hostname="LAPTOP-UCE2Q720" name="practica10.ejemplo5_ISuiterListener.NetflixText" tests="1" failures="0" timestamp="2021-04-19T18:16:21 CEST" time="0.001" errors="0">
  <testcase name="testOne" time="0.001" classname="practica10.ejemplo5_ISuiterListener.NetflixText"/>
  <system-out/>
</testsuite> <!-- practica10.ejemplo5_ISuiterListener.NetflixText -->
