<?xml version="1.0" encoding="UTF-8"?>
<!-- Generated by org.testng.reporters.JUnitReportReporter -->
<testsuite skipped="1" hostname="LAPTOP-UCE2Q720" name="ejercicios.Ejercicio3" tests="2" failures="0" timestamp="2021-02-16T21:10:03 CET" time="18.395" errors="0">
  <testcase name="segundoTest" time="18.395" classname="ejercicios.Ejercicio3"/>
  <system-out/>
  <testcase name="primerTest" classname="ejercicios.Ejercicio3">
    <skipped/>
  </testcase> <!-- primerTest -->
  <system-out/>
</testsuite> <!-- ejercicios.Ejercicio3 -->
