<?xml version="1.0" encoding="UTF-8"?>
<!-- Generated by org.testng.reporters.JUnitReportReporter -->
<testsuite skipped="1" hostname="LAPTOP-UCE2Q720" name="ejercicios.Ejercicio2" tests="2" failures="0" timestamp="2021-02-14T21:32:13 CET" time="15.835" errors="0">
  <testcase name="primerTest" time="15.835" classname="ejercicios.Ejercicio2"/>
  <system-out/>
  <testcase name="segundoTest" classname="ejercicios.Ejercicio2">
    <skipped/>
  </testcase> <!-- segundoTest -->
  <system-out/>
</testsuite> <!-- ejercicios.Ejercicio2 -->
