<?xml version="1.0" encoding="UTF-8"?>
<!-- Generated by org.testng.reporters.JUnitReportReporter -->
<testsuite skipped="3" hostname="LAPTOP-UCE2Q720" name="practico8.EjemplosActions" tests="4" failures="0" timestamp="2021-04-04T21:11:23 CEST" time="27.369" errors="0">
  <testcase name="jquery" time="27.369" classname="practico8.EjemplosActions"/>
  <system-out/>
  <testcase name="drapDpog" classname="practico8.EjemplosActions">
    <skipped/>
  </testcase> <!-- drapDpog -->
  <system-out/>
  <testcase name="moveToElement" classname="practico8.EjemplosActions">
    <skipped/>
  </testcase> <!-- moveToElement -->
  <system-out/>
  <testcase name="dobleClikc" classname="practico8.EjemplosActions">
    <skipped/>
  </testcase> <!-- dobleClikc -->
  <system-out/>
</testsuite> <!-- practico8.EjemplosActions -->
