<?xml version="1.0" encoding="UTF-8"?>
<!-- Generated by org.testng.reporters.JUnitReportReporter -->
<testsuite skipped="0" hostname="LAPTOP-UCE2Q720" name="pracitco4_findBy.FindsEjemplos" tests="1" failures="0" timestamp="2021-03-10T18:19:47 CET" time="23.627" errors="0">
  <testcase name="Busquedatest" time="23.627" classname="pracitco4_findBy.FindsEjemplos"/>
  <system-out/>
</testsuite> <!-- pracitco4_findBy.FindsEjemplos -->
