<?xml version="1.0" encoding="UTF-8"?>
<!-- Generated by org.testng.reporters.JUnitReportReporter -->
<testsuite hostname="LAPTOP-UCE2Q720" name="Spotify.Steps.PlanIndividualSteps" tests="1" failures="0" timestamp="26 Jun 2021 16:33:23 GMT" time="7.869" errors="0">
  <testcase name="comprobarIndividual" time="7.869" classname="Spotify.Steps.PlanIndividualSteps"/>
</testsuite> <!-- Spotify.Steps.PlanIndividualSteps -->
